<?xml version="1.0" encoding="UTF-8" standalone="yes" ?>
<test-results name="D:\Projetos\Funcionario\TestX\Win32\Debug\CalculoFuncionarioTestsX.exe" total="3" errors="0" failures="0" ignored="0" inconclusive="0" not-run="0" skipped="0" invalid="0" date="2023-08-03" time="0.040">
  <culture-info current-culture="en" current-uiculture="en" />
  <test-suite type="Assembly" name="CalculoFuncionarioTestsX.exe" executed="true" result="Success" success="True" time="0.040" asserts="0">
    <results>
        <test-suite type="Namespace" name="TestunCalCulaImpostos" executed="true" result="Success" success="True" time="0.040" asserts="0" >
          <results>
              <test-suite type="Fixture" name="TestXunCalCulaImpostos" executed="True" result="Success" success="True" time="0.040" >
                <results>
                  <test-case name="TestCalculaImposto.FImposto" executed="True" result="Success" success="True" time="0.000" asserts="0" />
                  <test-case name="TestCalculaImposto_IR.FCalculoIR" executed="True" result="Success" success="True" time="0.000" asserts="0" />
                  <test-case name="TestCalculaImposto_INSS.FCalculoIR" executed="True" result="Success" success="True" time="0.001" asserts="0" />
                </results>
              </test-suite>
          </results>
        </test-suite>
    </results>
  </test-suite>
</test-results>
